PYTHON:STARTED
SAVE:FILE|2024-08-02|2014|SAVE A User.java FILE
SAVE:FILE|2024-08-02|2014|SAVE A getUserApiRest.java FILE
SAVE:FILE|2024-08-02|2014|SAVE A GetAllUserParam.java FILE
SAVE:FILE|2024-08-02|2014|SAVE A GetAllUserUseCase.java FILE
SAVE:FILE|2024-08-02|2014|SAVE A GetAllUserUseCaseImpl.java FILE
SAVE:FILE|2024-08-02|2014|SAVE A UserRepository.java FILE
SAVE:FILE|2024-08-02|2014|SAVE A UserService.java FILE
SAVE:FILE|2024-08-02|2014|SAVE A UserEntity.java FILE
SAVE:FILE|2024-08-02|2014|SAVE A UserMapper.java FILE
SAVE:FILE|2024-08-02|2014|SAVE A Product.java FILE
SAVE:FILE|2024-08-02|2014|SAVE A getProductApiRest.java FILE
SAVE:FILE|2024-08-02|2014|SAVE A GetAllProductParam.java FILE
SAVE:FILE|2024-08-02|2014|SAVE A GetAllProductUseCase.java FILE
SAVE:FILE|2024-08-02|2014|SAVE A GetAllProductUseCaseImpl.java FILE
SAVE:FILE|2024-08-02|2014|SAVE A ProductRepository.java FILE
SAVE:FILE|2024-08-02|2014|SAVE A ProductService.java FILE
SAVE:FILE|2024-08-02|2014|SAVE A ProductEntity.java FILE
SAVE:FILE|2024-08-02|2014|SAVE A ProductMapper.java FILE
SAVE:FILE|2024-08-02|2014|SAVE A Order.java FILE
SAVE:FILE|2024-08-02|2014|SAVE A getOrderApiRest.java FILE
SAVE:FILE|2024-08-02|2014|SAVE A GetAllOrderParam.java FILE
SAVE:FILE|2024-08-02|2014|SAVE A GetAllOrderUseCase.java FILE
SAVE:FILE|2024-08-02|2014|SAVE A GetAllOrderUseCaseImpl.java FILE
SAVE:FILE|2024-08-02|2014|SAVE A OrderRepository.java FILE
SAVE:FILE|2024-08-02|2014|SAVE A OrderService.java FILE
SAVE:FILE|2024-08-02|2014|SAVE A OrderEntity.java FILE
SAVE:FILE|2024-08-02|2014|SAVE A OrderMapper.java FILE
SAVE:FILE|2024-08-02|2014|SAVE A Example.java FILE
SAVE:FILE|2024-08-02|2014|SAVE A getExampleApiRest.java FILE
SAVE:FILE|2024-08-02|2014|SAVE A GetAllExampleParam.java FILE
SAVE:FILE|2024-08-02|2014|SAVE A GetAllExampleUseCase.java FILE
SAVE:FILE|2024-08-02|2014|SAVE A GetAllExampleUseCaseImpl.java FILE
SAVE:FILE|2024-08-02|2014|SAVE A ExampleRepository.java FILE
SAVE:FILE|2024-08-02|2014|SAVE A ExampleService.java FILE
SAVE:FILE|2024-08-02|2014|SAVE A ExampleEntity.java FILE
SAVE:FILE|2024-08-02|2014|SAVE A ExampleMapper.java FILE
SAVE:FILE|2024-08-02|2014|SAVE A sql.sql FILE
